app/build/outputs/mapping/release/seeds.txt
com.lzx.allenLee.AppApplication
com.lzx.allenLee.AppApplication: AppApplication()
com.lzx.allenLee.R$anim: int calendar_push_top_in
com.lzx.allenLee.R$anim: int calendar_push_top_out
com.lzx.allenLee.R$anim: int card_flip_left_in
com.lzx.allenLee.R$anim: int card_flip_left_out
com.lzx.allenLee.R$anim: int fade_in
com.lzx.allenLee.R$anim: int fade_out
com.lzx.allenLee.R$anim: int favorite_push_left_in
com.lzx.allenLee.R$anim: int favorite_push_left_out
com.lzx.allenLee.R$anim: int favorite_push_right_in
com.lzx.allenLee.R$anim: int favorite_push_right_out
com.lzx.allenLee.R$anim: int flipper_bottom_in
com.lzx.allenLee.R$anim: int flipper_bottom_out
com.lzx.allenLee.R$anim: int flipper_left_in
com.lzx.allenLee.R$anim: int flipper_left_out
com.lzx.allenLee.R$anim: int flipper_none
com.lzx.allenLee.R$anim: int flipper_right_in
com.lzx.allenLee.R$anim: int flipper_right_out
com.lzx.allenLee.R$anim: int flipper_top_in
com.lzx.allenLee.R$anim: int flipper_top_out
com.lzx.allenLee.R$anim: int fragment_slide_left_enter
com.lzx.allenLee.R$anim: int fragment_slide_left_exit
com.lzx.allenLee.R$anim: int fragment_slide_right_enter
com.lzx.allenLee.R$anim: int fragment_slide_right_exit
com.lzx.allenLee.R$anim: int my_alpha_action
com.lzx.allenLee.R$anim: int popup_enter
com.lzx.allenLee.R$anim: int popup_enter_drop
com.lzx.allenLee.R$anim: int popup_exit
com.lzx.allenLee.R$anim: int popup_exit_drop
com.lzx.allenLee.R$anim: int push_bottom_in
com.lzx.allenLee.R$anim: int push_bottom_out
com.lzx.allenLee.R$anim: int push_right_in
com.lzx.allenLee.R$array: int array_config_read_mode_value
com.lzx.allenLee.R$attr: int backgroundColor
com.lzx.allenLee.R$attr: int keywords
com.lzx.allenLee.R$attr: int primaryTextColor
com.lzx.allenLee.R$attr: int refreshInterval
com.lzx.allenLee.R$attr: int spots
com.lzx.allenLee.R$color: int audio_bg_color
com.lzx.allenLee.R$color: int bg_click_color
com.lzx.allenLee.R$color: int bg_color
com.lzx.allenLee.R$color: int black
com.lzx.allenLee.R$color: int blue
com.lzx.allenLee.R$color: int click_color
com.lzx.allenLee.R$color: int copyright_color
com.lzx.allenLee.R$color: int darkblue
com.lzx.allenLee.R$color: int darkgray
com.lzx.allenLee.R$color: int divider_color
com.lzx.allenLee.R$color: int full_transparent
com.lzx.allenLee.R$color: int gray
com.lzx.allenLee.R$color: int green
com.lzx.allenLee.R$color: int hint_color
com.lzx.allenLee.R$color: int lightgray
com.lzx.allenLee.R$color: int list_background
com.lzx.allenLee.R$color: int list_item_focused
com.lzx.allenLee.R$color: int lucid
com.lzx.allenLee.R$color: int nav_shadow_color
com.lzx.allenLee.R$color: int nocolor
com.lzx.allenLee.R$color: int transparent
com.lzx.allenLee.R$color: int white
...
org.apache.commons.codec.language.Caverphone1
org.apache.commons.codec.language.Caverphone1: java.lang.String SIX_1
org.apache.commons.codec.language.Caverphone1: Caverphone1()
org.apache.commons.codec.language.Caverphone1: java.lang.String encode(java.lang.String)
org.apache.commons.codec.language.Caverphone2
org.apache.commons.codec.language.Caverphone2: java.lang.String TEN_1
org.apache.commons.codec.language.Caverphone2: Caverphone2()
org.apache.commons.codec.language.Caverphone2: java.lang.String encode(java.lang.String)
org.apache.commons.codec.language.ColognePhonetic
org.apache.commons.codec.language.ColognePhonetic: char[][] PREPROCESS_MAP
org.apache.commons.codec.language.ColognePhonetic: ColognePhonetic()
org.apache.commons.codec.language.ColognePhonetic: boolean arrayContains(char[],char)
org.apache.commons.codec.language.ColognePhonetic: java.lang.String colognePhonetic(java.lang.String)
org.apache.commons.codec.language.ColognePhonetic: java.lang.Object encode(java.lang.Object)
org.apache.commons.codec.language.ColognePhonetic: java.lang.String encode(java.lang.String)
org.apache.commons.codec.language.ColognePhonetic: boolean isEncodeEqual(java.lang.String,java.lang.String)
org.apache.commons.codec.language.ColognePhonetic: java.lang.String preprocess(java.lang.String)
org.apache.commons.codec.language.ColognePhonetic: void <clinit>()
org.apache.commons.codec.language.ColognePhonetic$CologneBuffer
org.apache.commons.codec.language.ColognePhonetic$CologneBuffer: char[] data
org.apache.commons.codec.language.ColognePhonetic$CologneBuffer: int length
org.apache.commons.codec.language.ColognePhonetic$CologneBuffer: org.apache.commons.codec.language.ColognePhonetic this$0
org.apache.commons.codec.language.ColognePhonetic$CologneBuffer: ColognePhonetic$CologneBuffer(org.apache.commons.codec.language.ColognePhonetic,char[])
org.apache.commons.codec.language.ColognePhonetic$CologneBuffer: ColognePhonetic$CologneBuffer(org.apache.commons.codec.language.ColognePhonetic,int)
org.apache.commons.codec.language.ColognePhonetic$CologneBuffer: char[] copyData(int,int)
org.apache.commons.codec.language.ColognePhonetic$CologneBuffer: int length()
org.apache.commons.codec.language.ColognePhonetic$CologneBuffer: java.lang.String toString()
org.apache.commons.codec.language.ColognePhonetic$CologneInputBuffer
org.apache.commons.codec.language.ColognePhonetic$CologneInputBuffer: org.apache.commons.codec.language.ColognePhonetic this$0
org.apache.commons.codec.language.ColognePhonetic$CologneInputBuffer: ColognePhonetic$CologneInputBuffer(org.apache.commons.codec.language.ColognePhonetic,char[])
org.apache.commons.codec.language.ColognePhonetic$CologneInputBuffer: void addLeft(char)
org.apache.commons.codec.language.ColognePhonetic$CologneInputBuffer: char[] copyData(int,int)
org.apache.commons.codec.language.ColognePhonetic$CologneInputBuffer: char getNextChar()
org.apache.commons.codec.language.ColognePhonetic$CologneInputBuffer: int getNextPos()
org.apache.commons.codec.language.ColognePhonetic$CologneInputBuffer: char removeNext()
org.apache.commons.codec.language.ColognePhonetic$CologneOutputBuffer
org.apache.commons.codec.language.ColognePhonetic$CologneOutputBuffer: org.apache.commons.codec.language.ColognePhonetic this$0
org.apache.commons.codec.language.ColognePhonetic$CologneOutputBuffer: ColognePhonetic$CologneOutputBuffer(org.apache.commons.codec.language.ColognePhonetic,int)
org.apache.commons.codec.language.ColognePhonetic$CologneOutputBuffer: void addRight(char)
org.apache.commons.codec.language.ColognePhonetic$CologneOutputBuffer: char[] copyData(int,int)