app/build/outputs/mapping/release/mapping.txt
com.lzx.allenLee.AppApplication -> com.lzx.allenLee.AppApplication:
    26:26:void <init>() -> <init>
    47:49:void onCreate() -> onCreate
    58:66:void initSysInfo() -> a
    144:148:void exitApp() -> b
com.lzx.allenLee.base.AlertDialogAcitivity -> com.lzx.allenLee.base.AlertDialogAcitivity:
    java.lang.String alert -> a
    android.widget.Button btn_exit_ok -> b
    17:17:void <init>() -> <init>
    23:39:void onCreate(android.os.Bundle) -> onCreate
    42:55:void initView() -> c
    59:60:void initData() -> d
com.lzx.allenLee.base.AlertDialogAcitivity$1 -> com.lzx.allenLee.base.AlertDialogAcitivity$1:
    com.lzx.allenLee.base.AlertDialogAcitivity this$0 -> c
    47:47:void <init>(com.lzx.allenLee.base.AlertDialogAcitivity) -> <init>
    51:53:void onClick(android.view.View) -> onClick
com.lzx.allenLee.base.AppActivityManager -> com.lzx.allenLee.base.a:
    java.util.ArrayList activityList -> d
    com.lzx.allenLee.global.Global globalInfo_ -> e
    java.util.ArrayList swActiList_ -> f
    36:42:void addActivity(android.app.Activity) -> a
    64:68:void doExit() -> e
    100:107:android.app.Activity getTopActivity() -> f
    127:145:void initAppData(android.content.Context) -> a
    167:170:void removeActivity(android.app.Activity) -> b
    22:28:void <clinit>() -> <clinit>
com.lzx.allenLee.base.BaseActivity -> com.lzx.allenLee.base.b:
    android.content.Context mContext -> mContext
    com.lzx.allenLee.AppApplication myApplication -> g
    28:30:void <init>() -> <init>
    38:55:void onCreate(android.os.Bundle) -> onCreate
    59:62:void initUncaughtExceptionHandler() -> g
    66:67:void onStart() -> onStart
    71:72:void onResume() -> onResume
    76:77:void onPause() -> onPause
    81:82:void onStop() -> onStop
    86:88:void onDestroy() -> onDestroy
    void initView() -> c
    void initData() -> d
    126:143:void isExitApp() -> h
    331:331:android.content.Context getContext() -> getContext
    380:382:void gotoActivity(java.lang.Class) -> a
com.lzx.allenLee.base.BaseActivity$1 -> com.lzx.allenLee.base.b$1:
    com.lzx.allenLee.base.BaseActivity this$0 -> h
    137:137:void <init>(com.lzx.allenLee.base.BaseActivity) -> <init>
    140:141:void onClick(android.content.DialogInterface,int) -> onClick
com.lzx.allenLee.base.BaseActivity$2 -> com.lzx.allenLee.base.b$2:
    com.lzx.allenLee.base.BaseActivity this$0 -> h
    130:130:void <init>(com.lzx.allenLee.base.BaseActivity) -> <init>
    134:135:void onClick(android.content.DialogInterface,int) -> onClick
com.lzx.allenLee.base.CrashHandler -> com.lzx.allenLee.base.c:
    java.lang.String SD_CARD_PATH -> j
    java.lang.String DATA_PATH_CRASH -> k
    com.lzx.allenLee.base.CrashHandler INSTANCE -> l
    java.lang.Thread$UncaughtExceptionHandler mDefaultHandler -> m
    android.content.Context mContext -> mContext
    java.util.Map infos -> n
    java.text.DateFormat formatter -> o
    43:52:void <init>() -> <init>
    56:59:com.lzx.allenLee.base.CrashHandler getInstance() -> i
    68:73:void init(android.content.Context) -> b
    80:102:void uncaughtException(java.lang.Thread,java.lang.Throwable) -> uncaughtException
    111:126:boolean handleException(java.lang.Throwable) -> a
    136:159:void collectDeviceInfo(android.content.Context) -> c
    169:209:java.lang.String saveCrashInfo2File(java.lang.Throwable) -> b
    31:31:android.content.Context access$000(com.lzx.allenLee.base.CrashHandler) -> a
    31:31:java.lang.String access$100(com.lzx.allenLee.base.CrashHandler,java.lang.Throwable) -> a
    33:36:void <clinit>() -> <clinit>
com.lzx.allenLee.base.CrashHandler$1 -> com.lzx.allenLee.base.c$1:
    java.lang.Throwable val$ex -> p
    com.lzx.allenLee.base.CrashHandler this$0 -> q
    115:115:void <init>(com.lzx.allenLee.base.CrashHandler,java.lang.Throwable) -> <init>
    119:123:void run() -> run
com.lzx.allenLee.bean.MessageEvent -> com.lzx.allenLee.bean.MessageEvent:
    7:7:void <init>() -> <init>
...
org.apache.commons.codec.language.bm.Rule$6 -> org.apache.commons.codec.language.bm.Rule$6:
    java.lang.String val$content -> val$content
    450:450:void <init>(java.lang.String) -> <init>
    453:453:boolean isMatch(java.lang.CharSequence) -> isMatch
org.apache.commons.codec.language.bm.Rule$7 -> org.apache.commons.codec.language.bm.Rule$7:
    java.lang.String val$bContent -> val$bContent
    boolean val$shouldMatch -> val$shouldMatch
    474:474:void <init>(java.lang.String,boolean) -> <init>
    477:477:boolean isMatch(java.lang.CharSequence) -> isMatch
org.apache.commons.codec.language.bm.Rule$8 -> org.apache.commons.codec.language.bm.Rule$8:
    java.lang.String val$bContent -> val$bContent
    boolean val$shouldMatch -> val$shouldMatch
    482:482:void <init>(java.lang.String,boolean) -> <init>
    485:485:boolean isMatch(java.lang.CharSequence) -> isMatch
org.apache.commons.codec.language.bm.Rule$9 -> org.apache.commons.codec.language.bm.Rule$9:
    java.lang.String val$bContent -> val$bContent
    boolean val$shouldMatch -> val$shouldMatch
    490:490:void <init>(java.lang.String,boolean) -> <init>
    493:493:boolean isMatch(java.lang.CharSequence) -> isMatch
org.apache.commons.codec.language.bm.Rule$Phoneme -> org.apache.commons.codec.language.bm.Rule$Phoneme:
    java.util.Comparator COMPARATOR -> COMPARATOR
    java.lang.CharSequence phonemeText -> phonemeText
    org.apache.commons.codec.language.bm.Languages$LanguageSet languages -> languages
    107:110:void <init>(java.lang.CharSequence,org.apache.commons.codec.language.bm.Languages$LanguageSet) -> <init>
    113:113:org.apache.commons.codec.language.bm.Rule$Phoneme append(java.lang.CharSequence) -> append
    117:117:org.apache.commons.codec.language.bm.Languages$LanguageSet getLanguages() -> getLanguages
    122:122:java.lang.Iterable getPhonemes() -> getPhonemes
    126:126:java.lang.CharSequence getPhonemeText() -> getPhonemeText
    130:130:org.apache.commons.codec.language.bm.Rule$Phoneme join(org.apache.commons.codec.language.bm.Rule$Phoneme) -> join
    82:82:java.lang.CharSequence access$000(org.apache.commons.codec.language.bm.Rule$Phoneme) -> access$000
    83:83:void <clinit>() -> <clinit>
org.apache.commons.codec.language.bm.Rule$Phoneme$1 -> org.apache.commons.codec.language.bm.Rule$Phoneme$1:
    83:83:void <init>() -> <init>
    86:100:int compare(org.apache.commons.codec.language.bm.Rule$Phoneme,org.apache.commons.codec.language.bm.Rule$Phoneme) -> compare
    83:83:int compare(java.lang.Object,java.lang.Object) -> compare
org.apache.commons.codec.language.bm.Rule$PhonemeExpr -> org.apache.commons.codec.language.bm.Rule$PhonemeExpr:
    java.lang.Iterable getPhonemes() -> getPhonemes
org.apache.commons.codec.language.bm.Rule$PhonemeList -> org.apache.commons.codec.language.bm.Rule$PhonemeList:
    java.util.List phonemes -> phonemes
    142:144:void <init>(java.util.List) -> <init>
    148:148:java.util.List getPhonemes() -> getPhonemes
    139:139:java.lang.Iterable getPhonemes() -> getPhonemes
org.apache.commons.codec.language.bm.Rule$RPattern -> org.apache.commons.codec.language.bm.Rule$RPattern:
    boolean isMatch(java.lang.CharSequence) -> isMatch
org.apache.commons.codec.language.bm.RuleType -> org.apache.commons.codec.language.bm.RuleType:
    org.apache.commons.codec.language.bm.RuleType APPROX -> APPROX
    org.apache.commons.codec.language.bm.RuleType EXACT -> EXACT
    org.apache.commons.codec.language.bm.RuleType RULES -> RULES
    java.lang.String name -> name
    org.apache.commons.codec.language.bm.RuleType[] $VALUES -> $VALUES
    26:26:org.apache.commons.codec.language.bm.RuleType[] values() -> values
    26:26:org.apache.commons.codec.language.bm.RuleType valueOf(java.lang.String) -> valueOf
    37:39:void <init>(java.lang.String,int,java.lang.String) -> <init>
    42:42:java.lang.String getName() -> getName
    26:33:void <clinit>() -> <clinit>