app/build/outputs/mapping/release/usage.txt
com.lzx.allenLee.AppApplication:
    private static com.lzx.allenLee.AppApplication instance
    38:41:public static com.lzx.allenLee.AppApplication getInstance()
    119:136:private void copyAssetsToSD(java.lang.String,java.lang.String)
com.lzx.allenLee.BuildConfig
com.lzx.allenLee.R
com.lzx.allenLee.R$anim
com.lzx.allenLee.R$array
com.lzx.allenLee.R$attr
com.lzx.allenLee.R$color
com.lzx.allenLee.R$dimen
com.lzx.allenLee.R$drawable
com.lzx.allenLee.R$id
com.lzx.allenLee.R$layout
com.lzx.allenLee.R$string
com.lzx.allenLee.R$style
com.lzx.allenLee.R$styleable
com.lzx.allenLee.base.AlertDialogAcitivity:
    public static final java.lang.String ALERT_MSG
com.lzx.allenLee.base.AppActivityManager:
    public static final int BASESTART
    public static final int DESKTOPSTART
    public static final int USERDESKTOPSTART
    public static final int WELCOMESTART
    16:16:public AppActivityManager()
    45:50:public static void addSwActivity(android.app.Activity)
    56:61:public static void clearActivity()
    71:71:public static java.util.ArrayList getActivitys()
    75:75:public static com.lzx.allenLee.global.Global getGlobalInfo()
    79:83:public static android.app.Activity getHomeActivity()
    87:91:public static android.app.Activity getLastActivity()
    111:117:public static void goHome()
    153:159:public static void removeActivity(int)
    176:182:public static void removeAllActivity()
com.lzx.allenLee.base.BaseActivity:
    150:158:public boolean hasInternetConnected()
    166:182:public boolean validateInternet()
    190:196:public boolean hasLocationGPS()
    205:211:public boolean hasLocationNetWork()
    220:246:public void checkMemoryCard()
    252:274:public void openWirelessSet()
    280:285:public void closeInput()
    368:371:public void gotoExistActivity(java.lang.Class)
    390:391:public void toast(int)
    399:400:public void toast(java.lang.String)
    409:409:public java.lang.String getStr(int)
    419:419:public java.lang.String getStr(android.widget.EditText)
com.lzx.allenLee.base.BaseActivity$3
com.lzx.allenLee.base.BaseActivity$4
com.lzx.allenLee.base.BaseActivity$5
com.lzx.allenLee.base.BaseActivity$6
com.lzx.allenLee.base.CrashHandler:
    public static final java.lang.String TAG
    private android.app.AlertDialog alertDialog
com.lzx.allenLee.base.IBaseActivity
com.lzx.allenLee.global.AppConstant:
    public static final java.lang.String apkName
    public static final java.lang.String decodeApkName
    13:13:public AppConstant()
    38:38:public static java.lang.String getProjectPackage(android.content.Context)
    48:50:public static void init(android.content.Context)
com.lzx.allenLee.global.Global:
    public static int screenDrawH
    public java.lang.String currentApp_
    public boolean forceupdate_
    public boolean isFullScreen_
    public boolean isLandscape
    public boolean isNormalScreen_
    public boolean isOffLine_
    public boolean isSet_
    public java.lang.String rewriteURI_
    public java.lang.String seriesNum_
    public int systemMenuHeight_
    public int systemViewHeight_
    public java.lang.String version_
    161:161:public static java.lang.String getFileRootPath_()
    339:339:public void loadApn(android.content.Context)
com.lzx.allenLee.os.AppConstant:
    public static final java.lang.String apkName
    public static final java.lang.String decodeApkName
    15:15:public AppConstant()
    29:29:public static java.lang.String getProjectName(android.content.Context)
...
org.greenrobot.eventbus.EventBus:
    90:90:public static org.greenrobot.eventbus.EventBusBuilder builder()
    95:97:public static void clearCaches()
    204:204:public synchronized boolean isRegistered(java.lang.Object)
    268:281:public void cancelEventDelivery(java.lang.Object)
    288:293:public void postSticky(java.lang.Object)
    301:303:public java.lang.Object getStickyEvent(java.lang.Class)
    312:314:public java.lang.Object removeStickyEvent(java.lang.Class)
    323:332:public boolean removeStickyEvent(java.lang.Object)
    339:342:public void removeAllStickyEvents()
    345:359:public boolean hasSubscriberForEvent(java.lang.Class)
org.greenrobot.eventbus.EventBus$PostCallback
org.greenrobot.eventbus.EventBusBuilder:
    java.util.List skipMethodVerificationForClasses
    49:50:public org.greenrobot.eventbus.EventBusBuilder logSubscriberExceptions(boolean)
    55:56:public org.greenrobot.eventbus.EventBusBuilder logNoSubscriberMessages(boolean)
    61:62:public org.greenrobot.eventbus.EventBusBuilder sendSubscriberExceptionEvent(boolean)
    67:68:public org.greenrobot.eventbus.EventBusBuilder sendNoSubscriberEvent(boolean)
    78:79:public org.greenrobot.eventbus.EventBusBuilder throwSubscriberException(boolean)
    92:93:public org.greenrobot.eventbus.EventBusBuilder eventInheritance(boolean)
    102:103:public org.greenrobot.eventbus.EventBusBuilder executorService(java.util.concurrent.ExecutorService)
    112:116:public org.greenrobot.eventbus.EventBusBuilder skipMethodVerificationFor(java.lang.Class)
    121:122:public org.greenrobot.eventbus.EventBusBuilder ignoreGeneratedIndex(boolean)
    127:128:public org.greenrobot.eventbus.EventBusBuilder strictMethodVerification(boolean)
    133:137:public org.greenrobot.eventbus.EventBusBuilder addIndex(org.greenrobot.eventbus.meta.SubscriberInfoIndex)
    147:154:public org.greenrobot.eventbus.EventBus installDefaultEventBus()
    159:159:public org.greenrobot.eventbus.EventBus build()
org.greenrobot.eventbus.SubscriberMethodFinder:
    private static final int BRIDGE
    private static final int SYNTHETIC
    private static final int MODIFIERS_IGNORE
    private static final int POOL_SIZE
    188:189:static void clearCaches()
org.greenrobot.eventbus.meta.AbstractSubscriberInfo
org.greenrobot.eventbus.meta.SimpleSubscriberInfo
org.greenrobot.eventbus.meta.SubscriberInfo:
    public abstract boolean shouldCheckSuperclass()
org.greenrobot.eventbus.meta.SubscriberMethodInfo
org.greenrobot.eventbus.util.AsyncExecutor
org.greenrobot.eventbus.util.AsyncExecutor$1
org.greenrobot.eventbus.util.AsyncExecutor$Builder
org.greenrobot.eventbus.util.AsyncExecutor$RunnableEx
org.greenrobot.eventbus.util.ErrorDialogConfig:
    31:41:public ErrorDialogConfig(android.content.res.Resources,int,int)
    44:45:public org.greenrobot.eventbus.util.ErrorDialogConfig addMapping(java.lang.Class,int)
    59:60:public void setDefaultDialogIconId(int)
    63:64:public void setDefaultEventTypeOnDialogClosed(java.lang.Class)
    67:68:public void disableExceptionLogging()
    71:72:public void setTagForLoggingExceptions(java.lang.String)
    75:76:public void setEventBus(org.greenrobot.eventbus.EventBus)
org.greenrobot.eventbus.util.ErrorDialogFragmentFactory:
    31:33:protected ErrorDialogFragmentFactory(org.greenrobot.eventbus.util.ErrorDialogConfig)
org.greenrobot.eventbus.util.ErrorDialogFragmentFactory$Honeycomb
org.greenrobot.eventbus.util.ErrorDialogFragmentFactory$Support
org.greenrobot.eventbus.util.ErrorDialogFragments:
    32:80:public ErrorDialogFragments()
org.greenrobot.eventbus.util.ErrorDialogFragments$Support